
*** Running vivado
    with args -log design_1_system_ila_0_0.vds -m64 -product Vivado -mode batch -messageDb vivado.pb -notrace -source design_1_system_ila_0_0.tcl


****** Vivado v2023.2 (64-bit)
  **** SW Build 4029153 on Fri Oct 13 20:13:54 MDT 2023
  **** IP Build 4028589 on Sat Oct 14 00:45:43 MDT 2023
  **** SharedData Build 4025554 on Tue Oct 10 17:18:54 MDT 2023
    ** Copyright 1986-2022 Xilinx, Inc. All Rights Reserved.
    ** Copyright 2022-2023 Advanced Micro Devices, Inc. All Rights Reserved.

source design_1_system_ila_0_0.tcl -notrace
create_project: Time (s): cpu = 00:00:15 ; elapsed = 00:00:15 . Memory (MB): peak = 1318.484 ; gain = 0.023 ; free physical = 308 ; free virtual = 14338
INFO: [IP_Flow 19-6924] IPCACHE: Running cache check for IP inst: design_1_system_ila_0_0
Command: synth_design -top design_1_system_ila_0_0 -part xc7a100tcsg324-1 -incremental_mode off -mode out_of_context
Starting synth_design
Attempting to get a license for feature 'Synthesis' and/or device 'xc7a100t'
INFO: [Common 17-349] Got license for feature 'Synthesis' and/or device 'xc7a100t'
INFO: [Device 21-403] Loading part xc7a100tcsg324-1
INFO: [Synth 8-7079] Multithreading enabled for synth_design using a maximum of 4 processes.
INFO: [Synth 8-7078] Launching helper process for spawning children vivado processes
INFO: [Synth 8-7075] Helper process launched with PID 263119
---------------------------------------------------------------------------------
Starting RTL Elaboration : Time (s): cpu = 00:00:17 ; elapsed = 00:00:21 . Memory (MB): peak = 2073.051 ; gain = 401.715 ; free physical = 207 ; free virtual = 8798
---------------------------------------------------------------------------------
INFO: [Synth 8-11241] undeclared symbol 'tms_int', assumed default net type 'wire' [/home/fluctlights/VivadoProjects/sesion_nano_rv32i/sesion_nano_rv32i.gen/sources_1/bd/design_1/ipshared/ae90/hdl/verilog/xsdbm_v3_0_0_bs_core_ext.vh:30]
INFO: [Synth 8-11241] undeclared symbol 'runtest_int', assumed default net type 'wire' [/home/fluctlights/VivadoProjects/sesion_nano_rv32i/sesion_nano_rv32i.gen/sources_1/bd/design_1/ipshared/ae90/hdl/verilog/xsdbm_v3_0_0_bs_core_ext.vh:32]
INFO: [Synth 8-11241] undeclared symbol 'tms_int', assumed default net type 'wire' [/home/fluctlights/VivadoProjects/sesion_nano_rv32i/sesion_nano_rv32i.gen/sources_1/bd/design_1/ipshared/ae90/hdl/verilog/xsdbm_v3_0_0_bs_core_ext.vh:69]
INFO: [Synth 8-11241] undeclared symbol 'runtest_int', assumed default net type 'wire' [/home/fluctlights/VivadoProjects/sesion_nano_rv32i/sesion_nano_rv32i.gen/sources_1/bd/design_1/ipshared/ae90/hdl/verilog/xsdbm_v3_0_0_bs_core_ext.vh:71]
INFO: [Synth 8-11241] undeclared symbol 'tms_int', assumed default net type 'wire' [/home/fluctlights/VivadoProjects/sesion_nano_rv32i/sesion_nano_rv32i.gen/sources_1/bd/design_1/ipshared/ae90/hdl/verilog/xsdbm_v3_0_0_bs_core_ext.vh:109]
INFO: [Synth 8-11241] undeclared symbol 'runtest_int', assumed default net type 'wire' [/home/fluctlights/VivadoProjects/sesion_nano_rv32i/sesion_nano_rv32i.gen/sources_1/bd/design_1/ipshared/ae90/hdl/verilog/xsdbm_v3_0_0_bs_core_ext.vh:111]
INFO: [Synth 8-11241] undeclared symbol 'tms_int', assumed default net type 'wire' [/home/fluctlights/VivadoProjects/sesion_nano_rv32i/sesion_nano_rv32i.gen/sources_1/bd/design_1/ipshared/ae90/hdl/verilog/xsdbm_v3_0_0_bs_core_ext.vh:150]
INFO: [Synth 8-11241] undeclared symbol 'runtest_int', assumed default net type 'wire' [/home/fluctlights/VivadoProjects/sesion_nano_rv32i/sesion_nano_rv32i.gen/sources_1/bd/design_1/ipshared/ae90/hdl/verilog/xsdbm_v3_0_0_bs_core_ext.vh:152]
INFO: [Synth 8-11241] undeclared symbol 'tms_int', assumed default net type 'wire' [/home/fluctlights/VivadoProjects/sesion_nano_rv32i/sesion_nano_rv32i.gen/sources_1/bd/design_1/ipshared/ae90/hdl/verilog/xsdbm_v3_0_0_bs_core_ext.vh:192]
INFO: [Synth 8-11241] undeclared symbol 'runtest_int', assumed default net type 'wire' [/home/fluctlights/VivadoProjects/sesion_nano_rv32i/sesion_nano_rv32i.gen/sources_1/bd/design_1/ipshared/ae90/hdl/verilog/xsdbm_v3_0_0_bs_core_ext.vh:194]
INFO: [Synth 8-11241] undeclared symbol 'tms_int', assumed default net type 'wire' [/home/fluctlights/VivadoProjects/sesion_nano_rv32i/sesion_nano_rv32i.gen/sources_1/bd/design_1/ipshared/ae90/hdl/verilog/xsdbm_v3_0_0_bs_core_ext.vh:235]
INFO: [Synth 8-11241] undeclared symbol 'runtest_int', assumed default net type 'wire' [/home/fluctlights/VivadoProjects/sesion_nano_rv32i/sesion_nano_rv32i.gen/sources_1/bd/design_1/ipshared/ae90/hdl/verilog/xsdbm_v3_0_0_bs_core_ext.vh:237]
INFO: [Synth 8-11241] undeclared symbol 'tms_int', assumed default net type 'wire' [/home/fluctlights/VivadoProjects/sesion_nano_rv32i/sesion_nano_rv32i.gen/sources_1/bd/design_1/ipshared/ae90/hdl/verilog/xsdbm_v3_0_0_bs_core_ext.vh:279]
INFO: [Synth 8-11241] undeclared symbol 'runtest_int', assumed default net type 'wire' [/home/fluctlights/VivadoProjects/sesion_nano_rv32i/sesion_nano_rv32i.gen/sources_1/bd/design_1/ipshared/ae90/hdl/verilog/xsdbm_v3_0_0_bs_core_ext.vh:281]
INFO: [Synth 8-11241] undeclared symbol 'tms_int', assumed default net type 'wire' [/home/fluctlights/VivadoProjects/sesion_nano_rv32i/sesion_nano_rv32i.gen/sources_1/bd/design_1/ipshared/ae90/hdl/verilog/xsdbm_v3_0_0_bs_core_ext.vh:324]
INFO: [Synth 8-11241] undeclared symbol 'runtest_int', assumed default net type 'wire' [/home/fluctlights/VivadoProjects/sesion_nano_rv32i/sesion_nano_rv32i.gen/sources_1/bd/design_1/ipshared/ae90/hdl/verilog/xsdbm_v3_0_0_bs_core_ext.vh:326]
INFO: [Synth 8-11241] undeclared symbol 'tms_int', assumed default net type 'wire' [/home/fluctlights/VivadoProjects/sesion_nano_rv32i/sesion_nano_rv32i.gen/sources_1/bd/design_1/ipshared/ae90/hdl/verilog/xsdbm_v3_0_0_bs_core_ext.vh:370]
INFO: [Synth 8-11241] undeclared symbol 'runtest_int', assumed default net type 'wire' [/home/fluctlights/VivadoProjects/sesion_nano_rv32i/sesion_nano_rv32i.gen/sources_1/bd/design_1/ipshared/ae90/hdl/verilog/xsdbm_v3_0_0_bs_core_ext.vh:372]
INFO: [Synth 8-11241] undeclared symbol 'tms_int', assumed default net type 'wire' [/home/fluctlights/VivadoProjects/sesion_nano_rv32i/sesion_nano_rv32i.gen/sources_1/bd/design_1/ipshared/ae90/hdl/verilog/xsdbm_v3_0_0_bs_core_ext.vh:417]
INFO: [Synth 8-11241] undeclared symbol 'runtest_int', assumed default net type 'wire' [/home/fluctlights/VivadoProjects/sesion_nano_rv32i/sesion_nano_rv32i.gen/sources_1/bd/design_1/ipshared/ae90/hdl/verilog/xsdbm_v3_0_0_bs_core_ext.vh:419]
INFO: [Synth 8-11241] undeclared symbol 'tms_int', assumed default net type 'wire' [/home/fluctlights/VivadoProjects/sesion_nano_rv32i/sesion_nano_rv32i.gen/sources_1/bd/design_1/ipshared/ae90/hdl/verilog/xsdbm_v3_0_0_bs_core_ext.vh:465]
INFO: [Synth 8-11241] undeclared symbol 'runtest_int', assumed default net type 'wire' [/home/fluctlights/VivadoProjects/sesion_nano_rv32i/sesion_nano_rv32i.gen/sources_1/bd/design_1/ipshared/ae90/hdl/verilog/xsdbm_v3_0_0_bs_core_ext.vh:467]
INFO: [Synth 8-11241] undeclared symbol 'tms_int', assumed default net type 'wire' [/home/fluctlights/VivadoProjects/sesion_nano_rv32i/sesion_nano_rv32i.gen/sources_1/bd/design_1/ipshared/ae90/hdl/verilog/xsdbm_v3_0_0_bs_core_ext.vh:514]
INFO: [Synth 8-11241] undeclared symbol 'runtest_int', assumed default net type 'wire' [/home/fluctlights/VivadoProjects/sesion_nano_rv32i/sesion_nano_rv32i.gen/sources_1/bd/design_1/ipshared/ae90/hdl/verilog/xsdbm_v3_0_0_bs_core_ext.vh:516]
INFO: [Synth 8-11241] undeclared symbol 'tms_int', assumed default net type 'wire' [/home/fluctlights/VivadoProjects/sesion_nano_rv32i/sesion_nano_rv32i.gen/sources_1/bd/design_1/ipshared/ae90/hdl/verilog/xsdbm_v3_0_0_bs_core_ext.vh:564]
INFO: [Synth 8-11241] undeclared symbol 'runtest_int', assumed default net type 'wire' [/home/fluctlights/VivadoProjects/sesion_nano_rv32i/sesion_nano_rv32i.gen/sources_1/bd/design_1/ipshared/ae90/hdl/verilog/xsdbm_v3_0_0_bs_core_ext.vh:566]
INFO: [Synth 8-11241] undeclared symbol 'tms_int', assumed default net type 'wire' [/home/fluctlights/VivadoProjects/sesion_nano_rv32i/sesion_nano_rv32i.gen/sources_1/bd/design_1/ipshared/ae90/hdl/verilog/xsdbm_v3_0_0_bs_core_ext.vh:615]
INFO: [Synth 8-11241] undeclared symbol 'runtest_int', assumed default net type 'wire' [/home/fluctlights/VivadoProjects/sesion_nano_rv32i/sesion_nano_rv32i.gen/sources_1/bd/design_1/ipshared/ae90/hdl/verilog/xsdbm_v3_0_0_bs_core_ext.vh:617]
INFO: [Synth 8-11241] undeclared symbol 'tms_int', assumed default net type 'wire' [/home/fluctlights/VivadoProjects/sesion_nano_rv32i/sesion_nano_rv32i.gen/sources_1/bd/design_1/ipshared/ae90/hdl/verilog/xsdbm_v3_0_0_bs_core.vh:30]
INFO: [Synth 8-11241] undeclared symbol 'runtest_int', assumed default net type 'wire' [/home/fluctlights/VivadoProjects/sesion_nano_rv32i/sesion_nano_rv32i.gen/sources_1/bd/design_1/ipshared/ae90/hdl/verilog/xsdbm_v3_0_0_bs_core.vh:32]
INFO: [Synth 8-11241] undeclared symbol 'tms_int', assumed default net type 'wire' [/home/fluctlights/VivadoProjects/sesion_nano_rv32i/sesion_nano_rv32i.gen/sources_1/bd/design_1/ipshared/ae90/hdl/verilog/xsdbm_v3_0_0_bs_core.vh:69]
INFO: [Synth 8-11241] undeclared symbol 'runtest_int', assumed default net type 'wire' [/home/fluctlights/VivadoProjects/sesion_nano_rv32i/sesion_nano_rv32i.gen/sources_1/bd/design_1/ipshared/ae90/hdl/verilog/xsdbm_v3_0_0_bs_core.vh:71]
INFO: [Synth 8-11241] undeclared symbol 'tms_int', assumed default net type 'wire' [/home/fluctlights/VivadoProjects/sesion_nano_rv32i/sesion_nano_rv32i.gen/sources_1/bd/design_1/ipshared/ae90/hdl/verilog/xsdbm_v3_0_0_bs_core.vh:109]
INFO: [Synth 8-11241] undeclared symbol 'runtest_int', assumed default net type 'wire' [/home/fluctlights/VivadoProjects/sesion_nano_rv32i/sesion_nano_rv32i.gen/sources_1/bd/design_1/ipshared/ae90/hdl/verilog/xsdbm_v3_0_0_bs_core.vh:111]
INFO: [Synth 8-11241] undeclared symbol 'tms_int', assumed default net type 'wire' [/home/fluctlights/VivadoProjects/sesion_nano_rv32i/sesion_nano_rv32i.gen/sources_1/bd/design_1/ipshared/ae90/hdl/verilog/xsdbm_v3_0_0_bs_core.vh:150]
INFO: [Synth 8-11241] undeclared symbol 'runtest_int', assumed default net type 'wire' [/home/fluctlights/VivadoProjects/sesion_nano_rv32i/sesion_nano_rv32i.gen/sources_1/bd/design_1/ipshared/ae90/hdl/verilog/xsdbm_v3_0_0_bs_core.vh:152]
INFO: [Synth 8-11241] undeclared symbol 'tms_int', assumed default net type 'wire' [/home/fluctlights/VivadoProjects/sesion_nano_rv32i/sesion_nano_rv32i.gen/sources_1/bd/design_1/ipshared/ae90/hdl/verilog/xsdbm_v3_0_0_bs_core.vh:192]
INFO: [Synth 8-11241] undeclared symbol 'runtest_int', assumed default net type 'wire' [/home/fluctlights/VivadoProjects/sesion_nano_rv32i/sesion_nano_rv32i.gen/sources_1/bd/design_1/ipshared/ae90/hdl/verilog/xsdbm_v3_0_0_bs_core.vh:194]
INFO: [Synth 8-11241] undeclared symbol 'tms_int', assumed default net type 'wire' [/home/fluctlights/VivadoProjects/sesion_nano_rv32i/sesion_nano_rv32i.gen/sources_1/bd/design_1/ipshared/ae90/hdl/verilog/xsdbm_v3_0_0_bs_core.vh:235]
INFO: [Synth 8-11241] undeclared symbol 'runtest_int', assumed default net type 'wire' [/home/fluctlights/VivadoProjects/sesion_nano_rv32i/sesion_nano_rv32i.gen/sources_1/bd/design_1/ipshared/ae90/hdl/verilog/xsdbm_v3_0_0_bs_core.vh:237]
INFO: [Synth 8-11241] undeclared symbol 'tms_int', assumed default net type 'wire' [/home/fluctlights/VivadoProjects/sesion_nano_rv32i/sesion_nano_rv32i.gen/sources_1/bd/design_1/ipshared/ae90/hdl/verilog/xsdbm_v3_0_0_bs_core.vh:279]
INFO: [Synth 8-11241] undeclared symbol 'runtest_int', assumed default net type 'wire' [/home/fluctlights/VivadoProjects/sesion_nano_rv32i/sesion_nano_rv32i.gen/sources_1/bd/design_1/ipshared/ae90/hdl/verilog/xsdbm_v3_0_0_bs_core.vh:281]
INFO: [Synth 8-11241] undeclared symbol 'tms_int', assumed default net type 'wire' [/home/fluctlights/VivadoProjects/sesion_nano_rv32i/sesion_nano_rv32i.gen/sources_1/bd/design_1/ipshared/ae90/hdl/verilog/xsdbm_v3_0_0_bs_core.vh:324]
INFO: [Synth 8-11241] undeclared symbol 'runtest_int', assumed default net type 'wire' [/home/fluctlights/VivadoProjects/sesion_nano_rv32i/sesion_nano_rv32i.gen/sources_1/bd/design_1/ipshared/ae90/hdl/verilog/xsdbm_v3_0_0_bs_core.vh:326]
INFO: [Synth 8-11241] undeclared symbol 'tms_int', assumed default net type 'wire' [/home/fluctlights/VivadoProjects/sesion_nano_rv32i/sesion_nano_rv32i.gen/sources_1/bd/design_1/ipshared/ae90/hdl/verilog/xsdbm_v3_0_0_bs_core.vh:370]
INFO: [Synth 8-11241] undeclared symbol 'runtest_int', assumed default net type 'wire' [/home/fluctlights/VivadoProjects/sesion_nano_rv32i/sesion_nano_rv32i.gen/sources_1/bd/design_1/ipshared/ae90/hdl/verilog/xsdbm_v3_0_0_bs_core.vh:372]
INFO: [Synth 8-11241] undeclared symbol 'tms_int', assumed default net type 'wire' [/home/fluctlights/VivadoProjects/sesion_nano_rv32i/sesion_nano_rv32i.gen/sources_1/bd/design_1/ipshared/ae90/hdl/verilog/xsdbm_v3_0_0_bs_core.vh:417]
INFO: [Synth 8-11241] undeclared symbol 'runtest_int', assumed default net type 'wire' [/home/fluctlights/VivadoProjects/sesion_nano_rv32i/sesion_nano_rv32i.gen/sources_1/bd/design_1/ipshared/ae90/hdl/verilog/xsdbm_v3_0_0_bs_core.vh:419]
INFO: [Synth 8-11241] undeclared symbol 'tms_int', assumed default net type 'wire' [/home/fluctlights/VivadoProjects/sesion_nano_rv32i/sesion_nano_rv32i.gen/sources_1/bd/design_1/ipshared/ae90/hdl/verilog/xsdbm_v3_0_0_bs_core.vh:465]
INFO: [Synth 8-11241] undeclared symbol 'runtest_int', assumed default net type 'wire' [/home/fluctlights/VivadoProjects/sesion_nano_rv32i/sesion_nano_rv32i.gen/sources_1/bd/design_1/ipshared/ae90/hdl/verilog/xsdbm_v3_0_0_bs_core.vh:467]
INFO: [Synth 8-11241] undeclared symbol 'tms_int', assumed default net type 'wire' [/home/fluctlights/VivadoProjects/sesion_nano_rv32i/sesion_nano_rv32i.gen/sources_1/bd/design_1/ipshared/ae90/hdl/verilog/xsdbm_v3_0_0_bs_core.vh:514]
INFO: [Synth 8-11241] undeclared symbol 'runtest_int', assumed default net type 'wire' [/home/fluctlights/VivadoProjects/sesion_nano_rv32i/sesion_nano_rv32i.gen/sources_1/bd/design_1/ipshared/ae90/hdl/verilog/xsdbm_v3_0_0_bs_core.vh:516]
INFO: [Synth 8-11241] undeclared symbol 'tms_int', assumed default net type 'wire' [/home/fluctlights/VivadoProjects/sesion_nano_rv32i/sesion_nano_rv32i.gen/sources_1/bd/design_1/ipshared/ae90/hdl/verilog/xsdbm_v3_0_0_bs_core.vh:564]
INFO: [Synth 8-11241] undeclared symbol 'runtest_int', assumed default net type 'wire' [/home/fluctlights/VivadoProjects/sesion_nano_rv32i/sesion_nano_rv32i.gen/sources_1/bd/design_1/ipshared/ae90/hdl/verilog/xsdbm_v3_0_0_bs_core.vh:566]
INFO: [Synth 8-11241] undeclared symbol 'tms_int', assumed default net type 'wire' [/home/fluctlights/VivadoProjects/sesion_nano_rv32i/sesion_nano_rv32i.gen/sources_1/bd/design_1/ipshared/ae90/hdl/verilog/xsdbm_v3_0_0_bs_core.vh:615]
INFO: [Synth 8-11241] undeclared symbol 'runtest_int', assumed default net type 'wire' [/home/fluctlights/VivadoProjects/sesion_nano_rv32i/sesion_nano_rv32i.gen/sources_1/bd/design_1/ipshared/ae90/hdl/verilog/xsdbm_v3_0_0_bs_core.vh:617]
INFO: [Synth 8-11241] undeclared symbol 'tms_int', assumed default net type 'wire' [/home/fluctlights/VivadoProjects/sesion_nano_rv32i/sesion_nano_rv32i.gen/sources_1/bd/design_1/ipshared/ae90/hdl/verilog/xsdbm_v3_0_0_bs_core_vec.vh:30]
INFO: [Synth 8-11241] undeclared symbol 'runtest_int', assumed default net type 'wire' [/home/fluctlights/VivadoProjects/sesion_nano_rv32i/sesion_nano_rv32i.gen/sources_1/bd/design_1/ipshared/ae90/hdl/verilog/xsdbm_v3_0_0_bs_core_vec.vh:32]
INFO: [Synth 8-11241] undeclared symbol 'tms_int', assumed default net type 'wire' [/home/fluctlights/VivadoProjects/sesion_nano_rv32i/sesion_nano_rv32i.gen/sources_1/bd/design_1/ipshared/ae90/hdl/verilog/xsdbm_v3_0_0_bs_core_vec.vh:65]
INFO: [Synth 8-11241] undeclared symbol 'runtest_int', assumed default net type 'wire' [/home/fluctlights/VivadoProjects/sesion_nano_rv32i/sesion_nano_rv32i.gen/sources_1/bd/design_1/ipshared/ae90/hdl/verilog/xsdbm_v3_0_0_bs_core_vec.vh:67]
INFO: [Synth 8-11241] undeclared symbol 'tms_int', assumed default net type 'wire' [/home/fluctlights/VivadoProjects/sesion_nano_rv32i/sesion_nano_rv32i.gen/sources_1/bd/design_1/ipshared/ae90/hdl/verilog/xsdbm_v3_0_0_bs_core_vec.vh:100]
INFO: [Synth 8-11241] undeclared symbol 'runtest_int', assumed default net type 'wire' [/home/fluctlights/VivadoProjects/sesion_nano_rv32i/sesion_nano_rv32i.gen/sources_1/bd/design_1/ipshared/ae90/hdl/verilog/xsdbm_v3_0_0_bs_core_vec.vh:102]
INFO: [Synth 8-11241] undeclared symbol 'tms_int', assumed default net type 'wire' [/home/fluctlights/VivadoProjects/sesion_nano_rv32i/sesion_nano_rv32i.gen/sources_1/bd/design_1/ipshared/ae90/hdl/verilog/xsdbm_v3_0_0_bs_core_vec.vh:135]
INFO: [Synth 8-11241] undeclared symbol 'runtest_int', assumed default net type 'wire' [/home/fluctlights/VivadoProjects/sesion_nano_rv32i/sesion_nano_rv32i.gen/sources_1/bd/design_1/ipshared/ae90/hdl/verilog/xsdbm_v3_0_0_bs_core_vec.vh:137]
INFO: [Synth 8-11241] undeclared symbol 'tms_int', assumed default net type 'wire' [/home/fluctlights/VivadoProjects/sesion_nano_rv32i/sesion_nano_rv32i.gen/sources_1/bd/design_1/ipshared/ae90/hdl/verilog/xsdbm_v3_0_0_bs_core_vec.vh:170]
INFO: [Synth 8-11241] undeclared symbol 'runtest_int', assumed default net type 'wire' [/home/fluctlights/VivadoProjects/sesion_nano_rv32i/sesion_nano_rv32i.gen/sources_1/bd/design_1/ipshared/ae90/hdl/verilog/xsdbm_v3_0_0_bs_core_vec.vh:172]
INFO: [Synth 8-11241] undeclared symbol 'tms_int', assumed default net type 'wire' [/home/fluctlights/VivadoProjects/sesion_nano_rv32i/sesion_nano_rv32i.gen/sources_1/bd/design_1/ipshared/ae90/hdl/verilog/xsdbm_v3_0_0_bs_core_vec.vh:205]
INFO: [Synth 8-11241] undeclared symbol 'runtest_int', assumed default net type 'wire' [/home/fluctlights/VivadoProjects/sesion_nano_rv32i/sesion_nano_rv32i.gen/sources_1/bd/design_1/ipshared/ae90/hdl/verilog/xsdbm_v3_0_0_bs_core_vec.vh:207]
INFO: [Synth 8-11241] undeclared symbol 'tms_int', assumed default net type 'wire' [/home/fluctlights/VivadoProjects/sesion_nano_rv32i/sesion_nano_rv32i.gen/sources_1/bd/design_1/ipshared/ae90/hdl/verilog/xsdbm_v3_0_0_bs_core_vec.vh:240]
INFO: [Synth 8-11241] undeclared symbol 'runtest_int', assumed default net type 'wire' [/home/fluctlights/VivadoProjects/sesion_nano_rv32i/sesion_nano_rv32i.gen/sources_1/bd/design_1/ipshared/ae90/hdl/verilog/xsdbm_v3_0_0_bs_core_vec.vh:242]
INFO: [Synth 8-11241] undeclared symbol 'tms_int', assumed default net type 'wire' [/home/fluctlights/VivadoProjects/sesion_nano_rv32i/sesion_nano_rv32i.gen/sources_1/bd/design_1/ipshared/ae90/hdl/verilog/xsdbm_v3_0_0_bs_core_vec.vh:275]
INFO: [Synth 8-11241] undeclared symbol 'runtest_int', assumed default net type 'wire' [/home/fluctlights/VivadoProjects/sesion_nano_rv32i/sesion_nano_rv32i.gen/sources_1/bd/design_1/ipshared/ae90/hdl/verilog/xsdbm_v3_0_0_bs_core_vec.vh:277]
INFO: [Synth 8-11241] undeclared symbol 'tms_int', assumed default net type 'wire' [/home/fluctlights/VivadoProjects/sesion_nano_rv32i/sesion_nano_rv32i.gen/sources_1/bd/design_1/ipshared/ae90/hdl/verilog/xsdbm_v3_0_0_bs_core_vec.vh:310]
INFO: [Synth 8-11241] undeclared symbol 'runtest_int', assumed default net type 'wire' [/home/fluctlights/VivadoProjects/sesion_nano_rv32i/sesion_nano_rv32i.gen/sources_1/bd/design_1/ipshared/ae90/hdl/verilog/xsdbm_v3_0_0_bs_core_vec.vh:312]
INFO: [Synth 8-11241] undeclared symbol 'tms_int', assumed default net type 'wire' [/home/fluctlights/VivadoProjects/sesion_nano_rv32i/sesion_nano_rv32i.gen/sources_1/bd/design_1/ipshared/ae90/hdl/verilog/xsdbm_v3_0_0_bs_core_vec.vh:345]
INFO: [Synth 8-11241] undeclared symbol 'runtest_int', assumed default net type 'wire' [/home/fluctlights/VivadoProjects/sesion_nano_rv32i/sesion_nano_rv32i.gen/sources_1/bd/design_1/ipshared/ae90/hdl/verilog/xsdbm_v3_0_0_bs_core_vec.vh:347]
INFO: [Synth 8-11241] undeclared symbol 'tms_int', assumed default net type 'wire' [/home/fluctlights/VivadoProjects/sesion_nano_rv32i/sesion_nano_rv32i.gen/sources_1/bd/design_1/ipshared/ae90/hdl/verilog/xsdbm_v3_0_0_bs_core_vec.vh:380]
INFO: [Synth 8-11241] undeclared symbol 'runtest_int', assumed default net type 'wire' [/home/fluctlights/VivadoProjects/sesion_nano_rv32i/sesion_nano_rv32i.gen/sources_1/bd/design_1/ipshared/ae90/hdl/verilog/xsdbm_v3_0_0_bs_core_vec.vh:382]
INFO: [Synth 8-11241] undeclared symbol 'tms_int', assumed default net type 'wire' [/home/fluctlights/VivadoProjects/sesion_nano_rv32i/sesion_nano_rv32i.gen/sources_1/bd/design_1/ipshared/ae90/hdl/verilog/xsdbm_v3_0_0_bs_core_vec.vh:415]
INFO: [Synth 8-11241] undeclared symbol 'runtest_int', assumed default net type 'wire' [/home/fluctlights/VivadoProjects/sesion_nano_rv32i/sesion_nano_rv32i.gen/sources_1/bd/design_1/ipshared/ae90/hdl/verilog/xsdbm_v3_0_0_bs_core_vec.vh:417]
INFO: [Synth 8-11241] undeclared symbol 'tms_int', assumed default net type 'wire' [/home/fluctlights/VivadoProjects/sesion_nano_rv32i/sesion_nano_rv32i.gen/sources_1/bd/design_1/ipshared/ae90/hdl/verilog/xsdbm_v3_0_0_bs_core_vec.vh:450]
INFO: [Synth 8-11241] undeclared symbol 'runtest_int', assumed default net type 'wire' [/home/fluctlights/VivadoProjects/sesion_nano_rv32i/sesion_nano_rv32i.gen/sources_1/bd/design_1/ipshared/ae90/hdl/verilog/xsdbm_v3_0_0_bs_core_vec.vh:452]
INFO: [Synth 8-11241] undeclared symbol 'tms_int', assumed default net type 'wire' [/home/fluctlights/VivadoProjects/sesion_nano_rv32i/sesion_nano_rv32i.gen/sources_1/bd/design_1/ipshared/ae90/hdl/verilog/xsdbm_v3_0_0_bs_core_vec.vh:485]
INFO: [Synth 8-11241] undeclared symbol 'runtest_int', assumed default net type 'wire' [/home/fluctlights/VivadoProjects/sesion_nano_rv32i/sesion_nano_rv32i.gen/sources_1/bd/design_1/ipshared/ae90/hdl/verilog/xsdbm_v3_0_0_bs_core_vec.vh:487]
INFO: [Synth 8-11241] undeclared symbol 'tms_int', assumed default net type 'wire' [/home/fluctlights/VivadoProjects/sesion_nano_rv32i/sesion_nano_rv32i.gen/sources_1/bd/design_1/ipshared/ae90/hdl/verilog/xsdbm_v3_0_0_bs_core_vec.vh:30]
INFO: [Synth 8-11241] undeclared symbol 'runtest_int', assumed default net type 'wire' [/home/fluctlights/VivadoProjects/sesion_nano_rv32i/sesion_nano_rv32i.gen/sources_1/bd/design_1/ipshared/ae90/hdl/verilog/xsdbm_v3_0_0_bs_core_vec.vh:32]
INFO: [Synth 8-11241] undeclared symbol 'tms_int', assumed default net type 'wire' [/home/fluctlights/VivadoProjects/sesion_nano_rv32i/sesion_nano_rv32i.gen/sources_1/bd/design_1/ipshared/ae90/hdl/verilog/xsdbm_v3_0_0_bs_core_vec.vh:65]
INFO: [Synth 8-11241] undeclared symbol 'runtest_int', assumed default net type 'wire' [/home/fluctlights/VivadoProjects/sesion_nano_rv32i/sesion_nano_rv32i.gen/sources_1/bd/design_1/ipshared/ae90/hdl/verilog/xsdbm_v3_0_0_bs_core_vec.vh:67]
INFO: [Synth 8-11241] undeclared symbol 'tms_int', assumed default net type 'wire' [/home/fluctlights/VivadoProjects/sesion_nano_rv32i/sesion_nano_rv32i.gen/sources_1/bd/design_1/ipshared/ae90/hdl/verilog/xsdbm_v3_0_0_bs_core_vec.vh:100]
INFO: [Synth 8-11241] undeclared symbol 'runtest_int', assumed default net type 'wire' [/home/fluctlights/VivadoProjects/sesion_nano_rv32i/sesion_nano_rv32i.gen/sources_1/bd/design_1/ipshared/ae90/hdl/verilog/xsdbm_v3_0_0_bs_core_vec.vh:102]
INFO: [Synth 8-11241] undeclared symbol 'tms_int', assumed default net type 'wire' [/home/fluctlights/VivadoProjects/sesion_nano_rv32i/sesion_nano_rv32i.gen/sources_1/bd/design_1/ipshared/ae90/hdl/verilog/xsdbm_v3_0_0_bs_core_vec.vh:135]
INFO: [Synth 8-11241] undeclared symbol 'runtest_int', assumed default net type 'wire' [/home/fluctlights/VivadoProjects/sesion_nano_rv32i/sesion_nano_rv32i.gen/sources_1/bd/design_1/ipshared/ae90/hdl/verilog/xsdbm_v3_0_0_bs_core_vec.vh:137]
INFO: [Synth 8-11241] undeclared symbol 'tms_int', assumed default net type 'wire' [/home/fluctlights/VivadoProjects/sesion_nano_rv32i/sesion_nano_rv32i.gen/sources_1/bd/design_1/ipshared/ae90/hdl/verilog/xsdbm_v3_0_0_bs_core_vec.vh:170]
INFO: [Synth 8-11241] undeclared symbol 'runtest_int', assumed default net type 'wire' [/home/fluctlights/VivadoProjects/sesion_nano_rv32i/sesion_nano_rv32i.gen/sources_1/bd/design_1/ipshared/ae90/hdl/verilog/xsdbm_v3_0_0_bs_core_vec.vh:172]
INFO: [Synth 8-11241] undeclared symbol 'tms_int', assumed default net type 'wire' [/home/fluctlights/VivadoProjects/sesion_nano_rv32i/sesion_nano_rv32i.gen/sources_1/bd/design_1/ipshared/ae90/hdl/verilog/xsdbm_v3_0_0_bs_core_vec.vh:205]
INFO: [Synth 8-11241] undeclared symbol 'runtest_int', assumed default net type 'wire' [/home/fluctlights/VivadoProjects/sesion_nano_rv32i/sesion_nano_rv32i.gen/sources_1/bd/design_1/ipshared/ae90/hdl/verilog/xsdbm_v3_0_0_bs_core_vec.vh:207]
INFO: [Synth 8-11241] undeclared symbol 'tms_int', assumed default net type 'wire' [/home/fluctlights/VivadoProjects/sesion_nano_rv32i/sesion_nano_rv32i.gen/sources_1/bd/design_1/ipshared/ae90/hdl/verilog/xsdbm_v3_0_0_bs_core_vec.vh:240]
INFO: [Synth 8-11241] undeclared symbol 'runtest_int', assumed default net type 'wire' [/home/fluctlights/VivadoProjects/sesion_nano_rv32i/sesion_nano_rv32i.gen/sources_1/bd/design_1/ipshared/ae90/hdl/verilog/xsdbm_v3_0_0_bs_core_vec.vh:242]
INFO: [Synth 8-11241] undeclared symbol 'tms_int', assumed default net type 'wire' [/home/fluctlights/VivadoProjects/sesion_nano_rv32i/sesion_nano_rv32i.gen/sources_1/bd/design_1/ipshared/ae90/hdl/verilog/xsdbm_v3_0_0_bs_core_vec.vh:275]
INFO: [Synth 8-11241] undeclared symbol 'runtest_int', assumed default net type 'wire' [/home/fluctlights/VivadoProjects/sesion_nano_rv32i/sesion_nano_rv32i.gen/sources_1/bd/design_1/ipshared/ae90/hdl/verilog/xsdbm_v3_0_0_bs_core_vec.vh:277]
INFO: [Common 17-14] Message 'Synth 8-11241' appears 100 times and further instances of the messages will be disabled. Use the Tcl command set_msg_config to change the current settings.
INFO: [Synth 8-6157] synthesizing module 'design_1_system_ila_0_0' [/home/fluctlights/VivadoProjects/sesion_nano_rv32i/sesion_nano_rv32i.gen/sources_1/bd/design_1/ip/design_1_system_ila_0_0/synth/design_1_system_ila_0_0.v:53]
WARNING: [Synth 8-4446] all outputs are unconnected for this instance and logic may be removed [/home/fluctlights/VivadoProjects/sesion_nano_rv32i/sesion_nano_rv32i.gen/sources_1/bd/design_1/ip/design_1_system_ila_0_0/synth/design_1_system_ila_0_0.v:242]
INFO: [Synth 8-6157] synthesizing module 'bd_f60c' [/home/fluctlights/VivadoProjects/sesion_nano_rv32i/sesion_nano_rv32i.gen/sources_1/bd/design_1/ip/design_1_system_ila_0_0/bd_0/synth/bd_f60c.v:10]
WARNING: [Synth 8-4446] all outputs are unconnected for this instance and logic may be removed [/home/fluctlights/VivadoProjects/sesion_nano_rv32i/sesion_nano_rv32i.gen/sources_1/bd/design_1/ip/design_1_system_ila_0_0/bd_0/synth/bd_f60c.v:54]
INFO: [Synth 8-6157] synthesizing module 'bd_f60c_ila_lib_0' [/home/fluctlights/VivadoProjects/sesion_nano_rv32i/sesion_nano_rv32i.gen/sources_1/bd/design_1/ip/design_1_system_ila_0_0/bd_0/ip/ip_0/synth/bd_f60c_ila_lib_0.v:48]
INFO: [Synth 8-6157] synthesizing module 'CFGLUT5' [/home/fluctlights/Escritorio/PERTE/Diseño_de_Circuitos/Xilinx/Vivado/2023.2/scripts/rt/data/unisim_comp.v:2403]
INFO: [Synth 8-6155] done synthesizing module 'CFGLUT5' (0#1) [/home/fluctlights/Escritorio/PERTE/Diseño_de_Circuitos/Xilinx/Vivado/2023.2/scripts/rt/data/unisim_comp.v:2403]
INFO: [Synth 8-6157] synthesizing module 'CARRY4' [/home/fluctlights/Escritorio/PERTE/Diseño_de_Circuitos/Xilinx/Vivado/2023.2/scripts/rt/data/unisim_comp.v:2366]
INFO: [Synth 8-6155] done synthesizing module 'CARRY4' (0#1) [/home/fluctlights/Escritorio/PERTE/Diseño_de_Circuitos/Xilinx/Vivado/2023.2/scripts/rt/data/unisim_comp.v:2366]
INFO: [Synth 8-6157] synthesizing module 'SRLC32E' [/home/fluctlights/Escritorio/PERTE/Diseño_de_Circuitos/Xilinx/Vivado/2023.2/scripts/rt/data/unisim_comp.v:133887]
INFO: [Synth 8-6155] done synthesizing module 'SRLC32E' (0#1) [/home/fluctlights/Escritorio/PERTE/Diseño_de_Circuitos/Xilinx/Vivado/2023.2/scripts/rt/data/unisim_comp.v:133887]
INFO: [Synth 8-6157] synthesizing module 'SRL16E' [/home/fluctlights/Escritorio/PERTE/Diseño_de_Circuitos/Xilinx/Vivado/2023.2/scripts/rt/data/unisim_comp.v:133737]
INFO: [Synth 8-6155] done synthesizing module 'SRL16E' (0#1) [/home/fluctlights/Escritorio/PERTE/Diseño_de_Circuitos/Xilinx/Vivado/2023.2/scripts/rt/data/unisim_comp.v:133737]
INFO: [Synth 8-6157] synthesizing module 'SRLC16E' [/home/fluctlights/Escritorio/PERTE/Diseño_de_Circuitos/Xilinx/Vivado/2023.2/scripts/rt/data/unisim_comp.v:133826]
INFO: [Synth 8-6155] done synthesizing module 'SRLC16E' (0#1) [/home/fluctlights/Escritorio/PERTE/Diseño_de_Circuitos/Xilinx/Vivado/2023.2/scripts/rt/data/unisim_comp.v:133826]
INFO: [Synth 8-6157] synthesizing module 'FDRE' [/home/fluctlights/Escritorio/PERTE/Diseño_de_Circuitos/Xilinx/Vivado/2023.2/scripts/rt/data/unisim_comp.v:41005]
INFO: [Synth 8-6155] done synthesizing module 'FDRE' (0#1) [/home/fluctlights/Escritorio/PERTE/Diseño_de_Circuitos/Xilinx/Vivado/2023.2/scripts/rt/data/unisim_comp.v:41005]
WARNING: [Synth 8-7071] port 'clk_nobuf' of module 'ila_v6_2_14_ila' is unconnected for instance 'inst' [/home/fluctlights/VivadoProjects/sesion_nano_rv32i/sesion_nano_rv32i.gen/sources_1/bd/design_1/ip/design_1_system_ila_0_0/bd_0/ip/ip_0/synth/bd_f60c_ila_lib_0.v:3225]
WARNING: [Synth 8-7071] port 'clkdiv_out' of module 'ila_v6_2_14_ila' is unconnected for instance 'inst' [/home/fluctlights/VivadoProjects/sesion_nano_rv32i/sesion_nano_rv32i.gen/sources_1/bd/design_1/ip/design_1_system_ila_0_0/bd_0/ip/ip_0/synth/bd_f60c_ila_lib_0.v:3225]
WARNING: [Synth 8-7071] port 'trig_in' of module 'ila_v6_2_14_ila' is unconnected for instance 'inst' [/home/fluctlights/VivadoProjects/sesion_nano_rv32i/sesion_nano_rv32i.gen/sources_1/bd/design_1/ip/design_1_system_ila_0_0/bd_0/ip/ip_0/synth/bd_f60c_ila_lib_0.v:3225]
WARNING: [Synth 8-7071] port 'trig_in_ack' of module 'ila_v6_2_14_ila' is unconnected for instance 'inst' [/home/fluctlights/VivadoProjects/sesion_nano_rv32i/sesion_nano_rv32i.gen/sources_1/bd/design_1/ip/design_1_system_ila_0_0/bd_0/ip/ip_0/synth/bd_f60c_ila_lib_0.v:3225]
WARNING: [Synth 8-7071] port 'trig_out' of module 'ila_v6_2_14_ila' is unconnected for instance 'inst' [/home/fluctlights/VivadoProjects/sesion_nano_rv32i/sesion_nano_rv32i.gen/sources_1/bd/design_1/ip/design_1_system_ila_0_0/bd_0/ip/ip_0/synth/bd_f60c_ila_lib_0.v:3225]
WARNING: [Synth 8-7071] port 'trig_out_ack' of module 'ila_v6_2_14_ila' is unconnected for instance 'inst' [/home/fluctlights/VivadoProjects/sesion_nano_rv32i/sesion_nano_rv32i.gen/sources_1/bd/design_1/ip/design_1_system_ila_0_0/bd_0/ip/ip_0/synth/bd_f60c_ila_lib_0.v:3225]
WARNING: [Synth 8-7023] instance 'inst' of module 'ila_v6_2_14_ila' has 1033 connections declared, but only 1027 given [/home/fluctlights/VivadoProjects/sesion_nano_rv32i/sesion_nano_rv32i.gen/sources_1/bd/design_1/ip/design_1_system_ila_0_0/bd_0/ip/ip_0/synth/bd_f60c_ila_lib_0.v:3225]
INFO: [Synth 8-6155] done synthesizing module 'bd_f60c_ila_lib_0' (0#1) [/home/fluctlights/VivadoProjects/sesion_nano_rv32i/sesion_nano_rv32i.gen/sources_1/bd/design_1/ip/design_1_system_ila_0_0/bd_0/ip/ip_0/synth/bd_f60c_ila_lib_0.v:48]
INFO: [Synth 8-6155] done synthesizing module 'bd_f60c' (0#1) [/home/fluctlights/VivadoProjects/sesion_nano_rv32i/sesion_nano_rv32i.gen/sources_1/bd/design_1/ip/design_1_system_ila_0_0/bd_0/synth/bd_f60c.v:10]
INFO: [Synth 8-6155] done synthesizing module 'design_1_system_ila_0_0' (0#1) [/home/fluctlights/VivadoProjects/sesion_nano_rv32i/sesion_nano_rv32i.gen/sources_1/bd/design_1/ip/design_1_system_ila_0_0/synth/design_1_system_ila_0_0.v:53]
WARNING: [Synth 8-3848] Net sl_iport0 in module/entity bd_f60c_ila_lib_0 does not have driver. [/home/fluctlights/VivadoProjects/sesion_nano_rv32i/sesion_nano_rv32i.gen/sources_1/bd/design_1/ip/design_1_system_ila_0_0/bd_0/ip/ip_0/synth/bd_f60c_ila_lib_0.v:114]
INFO: [Synth 8-6071] Mark debug on the nets applies keep_hierarchy on instance 'ila_lib'. This will prevent further optimization [/home/fluctlights/VivadoProjects/sesion_nano_rv32i/sesion_nano_rv32i.gen/sources_1/bd/design_1/ip/design_1_system_ila_0_0/bd_0/synth/bd_f60c.v:54]
WARNING: [Synth 8-7129] Port CLKB in module blk_mem_gen_v8_4_7_blk_mem_output_block is either unconnected or has no load
WARNING: [Synth 8-7129] Port DOUTA_I[167] in module blk_mem_gen_v8_4_7_blk_mem_output_block is either unconnected or has no load
WARNING: [Synth 8-7129] Port DOUTA_I[166] in module blk_mem_gen_v8_4_7_blk_mem_output_block is either unconnected or has no load
WARNING: [Synth 8-7129] Port DOUTA_I[165] in module blk_mem_gen_v8_4_7_blk_mem_output_block is either unconnected or has no load
WARNING: [Synth 8-7129] Port DOUTA_I[164] in module blk_mem_gen_v8_4_7_blk_mem_output_block is either unconnected or has no load
WARNING: [Synth 8-7129] Port DOUTA_I[163] in module blk_mem_gen_v8_4_7_blk_mem_output_block is either unconnected or has no load
WARNING: [Synth 8-7129] Port DOUTA_I[162] in module blk_mem_gen_v8_4_7_blk_mem_output_block is either unconnected or has no load
WARNING: [Synth 8-7129] Port DOUTA_I[161] in module blk_mem_gen_v8_4_7_blk_mem_output_block is either unconnected or has no load
WARNING: [Synth 8-7129] Port DOUTA_I[160] in module blk_mem_gen_v8_4_7_blk_mem_output_block is either unconnected or has no load
WARNING: [Synth 8-7129] Port DOUTA_I[159] in module blk_mem_gen_v8_4_7_blk_mem_output_block is either unconnected or has no load
WARNING: [Synth 8-7129] Port DOUTA_I[158] in module blk_mem_gen_v8_4_7_blk_mem_output_block is either unconnected or has no load
WARNING: [Synth 8-7129] Port DOUTA_I[157] in module blk_mem_gen_v8_4_7_blk_mem_output_block is either unconnected or has no load
WARNING: [Synth 8-7129] Port DOUTA_I[156] in module blk_mem_gen_v8_4_7_blk_mem_output_block is either unconnected or has no load
WARNING: [Synth 8-7129] Port DOUTA_I[155] in module blk_mem_gen_v8_4_7_blk_mem_output_block is either unconnected or has no load
WARNING: [Synth 8-7129] Port DOUTA_I[154] in module blk_mem_gen_v8_4_7_blk_mem_output_block is either unconnected or has no load
WARNING: [Synth 8-7129] Port DOUTA_I[153] in module blk_mem_gen_v8_4_7_blk_mem_output_block is either unconnected or has no load
WARNING: [Synth 8-7129] Port DOUTA_I[152] in module blk_mem_gen_v8_4_7_blk_mem_output_block is either unconnected or has no load
WARNING: [Synth 8-7129] Port DOUTA_I[151] in module blk_mem_gen_v8_4_7_blk_mem_output_block is either unconnected or has no load
WARNING: [Synth 8-7129] Port DOUTA_I[150] in module blk_mem_gen_v8_4_7_blk_mem_output_block is either unconnected or has no load
WARNING: [Synth 8-7129] Port DOUTA_I[149] in module blk_mem_gen_v8_4_7_blk_mem_output_block is either unconnected or has no load
WARNING: [Synth 8-7129] Port DOUTA_I[148] in module blk_mem_gen_v8_4_7_blk_mem_output_block is either unconnected or has no load
WARNING: [Synth 8-7129] Port DOUTA_I[147] in module blk_mem_gen_v8_4_7_blk_mem_output_block is either unconnected or has no load
WARNING: [Synth 8-7129] Port DOUTA_I[146] in module blk_mem_gen_v8_4_7_blk_mem_output_block is either unconnected or has no load
WARNING: [Synth 8-7129] Port DOUTA_I[145] in module blk_mem_gen_v8_4_7_blk_mem_output_block is either unconnected or has no load
WARNING: [Synth 8-7129] Port DOUTA_I[144] in module blk_mem_gen_v8_4_7_blk_mem_output_block is either unconnected or has no load
WARNING: [Synth 8-7129] Port DOUTA_I[143] in module blk_mem_gen_v8_4_7_blk_mem_output_block is either unconnected or has no load
WARNING: [Synth 8-7129] Port DOUTA_I[142] in module blk_mem_gen_v8_4_7_blk_mem_output_block is either unconnected or has no load
WARNING: [Synth 8-7129] Port DOUTA_I[141] in module blk_mem_gen_v8_4_7_blk_mem_output_block is either unconnected or has no load
WARNING: [Synth 8-7129] Port DOUTA_I[140] in module blk_mem_gen_v8_4_7_blk_mem_output_block is either unconnected or has no load
WARNING: [Synth 8-7129] Port DOUTA_I[139] in module blk_mem_gen_v8_4_7_blk_mem_output_block is either unconnected or has no load
WARNING: [Synth 8-7129] Port DOUTA_I[138] in module blk_mem_gen_v8_4_7_blk_mem_output_block is either unconnected or has no load
WARNING: [Synth 8-7129] Port DOUTA_I[137] in module blk_mem_gen_v8_4_7_blk_mem_output_block is either unconnected or has no load
WARNING: [Synth 8-7129] Port DOUTA_I[136] in module blk_mem_gen_v8_4_7_blk_mem_output_block is either unconnected or has no load
WARNING: [Synth 8-7129] Port DOUTA_I[135] in module blk_mem_gen_v8_4_7_blk_mem_output_block is either unconnected or has no load
WARNING: [Synth 8-7129] Port DOUTA_I[134] in module blk_mem_gen_v8_4_7_blk_mem_output_block is either unconnected or has no load
WARNING: [Synth 8-7129] Port DOUTA_I[133] in module blk_mem_gen_v8_4_7_blk_mem_output_block is either unconnected or has no load
WARNING: [Synth 8-7129] Port DOUTA_I[132] in module blk_mem_gen_v8_4_7_blk_mem_output_block is either unconnected or has no load
WARNING: [Synth 8-7129] Port DOUTA_I[131] in module blk_mem_gen_v8_4_7_blk_mem_output_block is either unconnected or has no load
WARNING: [Synth 8-7129] Port DOUTA_I[130] in module blk_mem_gen_v8_4_7_blk_mem_output_block is either unconnected or has no load
WARNING: [Synth 8-7129] Port DOUTA_I[129] in module blk_mem_gen_v8_4_7_blk_mem_output_block is either unconnected or has no load
WARNING: [Synth 8-7129] Port DOUTA_I[128] in module blk_mem_gen_v8_4_7_blk_mem_output_block is either unconnected or has no load
WARNING: [Synth 8-7129] Port DOUTA_I[127] in module blk_mem_gen_v8_4_7_blk_mem_output_block is either unconnected or has no load
WARNING: [Synth 8-7129] Port DOUTA_I[126] in module blk_mem_gen_v8_4_7_blk_mem_output_block is either unconnected or has no load
WARNING: [Synth 8-7129] Port DOUTA_I[125] in module blk_mem_gen_v8_4_7_blk_mem_output_block is either unconnected or has no load
WARNING: [Synth 8-7129] Port DOUTA_I[124] in module blk_mem_gen_v8_4_7_blk_mem_output_block is either unconnected or has no load
WARNING: [Synth 8-7129] Port DOUTA_I[123] in module blk_mem_gen_v8_4_7_blk_mem_output_block is either unconnected or has no load
WARNING: [Synth 8-7129] Port DOUTA_I[122] in module blk_mem_gen_v8_4_7_blk_mem_output_block is either unconnected or has no load
WARNING: [Synth 8-7129] Port DOUTA_I[121] in module blk_mem_gen_v8_4_7_blk_mem_output_block is either unconnected or has no load
WARNING: [Synth 8-7129] Port DOUTA_I[120] in module blk_mem_gen_v8_4_7_blk_mem_output_block is either unconnected or has no load
WARNING: [Synth 8-7129] Port DOUTA_I[119] in module blk_mem_gen_v8_4_7_blk_mem_output_block is either unconnected or has no load
WARNING: [Synth 8-7129] Port DOUTA_I[118] in module blk_mem_gen_v8_4_7_blk_mem_output_block is either unconnected or has no load
WARNING: [Synth 8-7129] Port DOUTA_I[117] in module blk_mem_gen_v8_4_7_blk_mem_output_block is either unconnected or has no load
WARNING: [Synth 8-7129] Port DOUTA_I[116] in module blk_mem_gen_v8_4_7_blk_mem_output_block is either unconnected or has no load
WARNING: [Synth 8-7129] Port DOUTA_I[115] in module blk_mem_gen_v8_4_7_blk_mem_output_block is either unconnected or has no load
WARNING: [Synth 8-7129] Port DOUTA_I[114] in module blk_mem_gen_v8_4_7_blk_mem_output_block is either unconnected or has no load
WARNING: [Synth 8-7129] Port DOUTA_I[113] in module blk_mem_gen_v8_4_7_blk_mem_output_block is either unconnected or has no load
WARNING: [Synth 8-7129] Port DOUTA_I[112] in module blk_mem_gen_v8_4_7_blk_mem_output_block is either unconnected or has no load
WARNING: [Synth 8-7129] Port DOUTA_I[111] in module blk_mem_gen_v8_4_7_blk_mem_output_block is either unconnected or has no load
WARNING: [Synth 8-7129] Port DOUTA_I[110] in module blk_mem_gen_v8_4_7_blk_mem_output_block is either unconnected or has no load
WARNING: [Synth 8-7129] Port DOUTA_I[109] in module blk_mem_gen_v8_4_7_blk_mem_output_block is either unconnected or has no load
WARNING: [Synth 8-7129] Port DOUTA_I[108] in module blk_mem_gen_v8_4_7_blk_mem_output_block is either unconnected or has no load
WARNING: [Synth 8-7129] Port DOUTA_I[107] in module blk_mem_gen_v8_4_7_blk_mem_output_block is either unconnected or has no load
WARNING: [Synth 8-7129] Port DOUTA_I[106] in module blk_mem_gen_v8_4_7_blk_mem_output_block is either unconnected or has no load
WARNING: [Synth 8-7129] Port DOUTA_I[105] in module blk_mem_gen_v8_4_7_blk_mem_output_block is either unconnected or has no load
WARNING: [Synth 8-7129] Port DOUTA_I[104] in module blk_mem_gen_v8_4_7_blk_mem_output_block is either unconnected or has no load
WARNING: [Synth 8-7129] Port DOUTA_I[103] in module blk_mem_gen_v8_4_7_blk_mem_output_block is either unconnected or has no load
WARNING: [Synth 8-7129] Port DOUTA_I[102] in module blk_mem_gen_v8_4_7_blk_mem_output_block is either unconnected or has no load
WARNING: [Synth 8-7129] Port DOUTA_I[101] in module blk_mem_gen_v8_4_7_blk_mem_output_block is either unconnected or has no load
WARNING: [Synth 8-7129] Port DOUTA_I[100] in module blk_mem_gen_v8_4_7_blk_mem_output_block is either unconnected or has no load
WARNING: [Synth 8-7129] Port DOUTA_I[99] in module blk_mem_gen_v8_4_7_blk_mem_output_block is either unconnected or has no load
WARNING: [Synth 8-7129] Port DOUTA_I[98] in module blk_mem_gen_v8_4_7_blk_mem_output_block is either unconnected or has no load
WARNING: [Synth 8-7129] Port DOUTA_I[97] in module blk_mem_gen_v8_4_7_blk_mem_output_block is either unconnected or has no load
WARNING: [Synth 8-7129] Port DOUTA_I[96] in module blk_mem_gen_v8_4_7_blk_mem_output_block is either unconnected or has no load
WARNING: [Synth 8-7129] Port DOUTA_I[95] in module blk_mem_gen_v8_4_7_blk_mem_output_block is either unconnected or has no load
WARNING: [Synth 8-7129] Port DOUTA_I[94] in module blk_mem_gen_v8_4_7_blk_mem_output_block is either unconnected or has no load
WARNING: [Synth 8-7129] Port DOUTA_I[93] in module blk_mem_gen_v8_4_7_blk_mem_output_block is either unconnected or has no load
WARNING: [Synth 8-7129] Port DOUTA_I[92] in module blk_mem_gen_v8_4_7_blk_mem_output_block is either unconnected or has no load
WARNING: [Synth 8-7129] Port DOUTA_I[91] in module blk_mem_gen_v8_4_7_blk_mem_output_block is either unconnected or has no load
WARNING: [Synth 8-7129] Port DOUTA_I[90] in module blk_mem_gen_v8_4_7_blk_mem_output_block is either unconnected or has no load
WARNING: [Synth 8-7129] Port DOUTA_I[89] in module blk_mem_gen_v8_4_7_blk_mem_output_block is either unconnected or has no load
WARNING: [Synth 8-7129] Port DOUTA_I[88] in module blk_mem_gen_v8_4_7_blk_mem_output_block is either unconnected or has no load
WARNING: [Synth 8-7129] Port DOUTA_I[87] in module blk_mem_gen_v8_4_7_blk_mem_output_block is either unconnected or has no load
WARNING: [Synth 8-7129] Port DOUTA_I[86] in module blk_mem_gen_v8_4_7_blk_mem_output_block is either unconnected or has no load
WARNING: [Synth 8-7129] Port DOUTA_I[85] in module blk_mem_gen_v8_4_7_blk_mem_output_block is either unconnected or has no load
WARNING: [Synth 8-7129] Port DOUTA_I[84] in module blk_mem_gen_v8_4_7_blk_mem_output_block is either unconnected or has no load
WARNING: [Synth 8-7129] Port DOUTA_I[83] in module blk_mem_gen_v8_4_7_blk_mem_output_block is either unconnected or has no load
WARNING: [Synth 8-7129] Port DOUTA_I[82] in module blk_mem_gen_v8_4_7_blk_mem_output_block is either unconnected or has no load
WARNING: [Synth 8-7129] Port DOUTA_I[81] in module blk_mem_gen_v8_4_7_blk_mem_output_block is either unconnected or has no load
WARNING: [Synth 8-7129] Port DOUTA_I[80] in module blk_mem_gen_v8_4_7_blk_mem_output_block is either unconnected or has no load
WARNING: [Synth 8-7129] Port DOUTA_I[79] in module blk_mem_gen_v8_4_7_blk_mem_output_block is either unconnected or has no load
WARNING: [Synth 8-7129] Port DOUTA_I[78] in module blk_mem_gen_v8_4_7_blk_mem_output_block is either unconnected or has no load
WARNING: [Synth 8-7129] Port DOUTA_I[77] in module blk_mem_gen_v8_4_7_blk_mem_output_block is either unconnected or has no load
WARNING: [Synth 8-7129] Port DOUTA_I[76] in module blk_mem_gen_v8_4_7_blk_mem_output_block is either unconnected or has no load
WARNING: [Synth 8-7129] Port DOUTA_I[75] in module blk_mem_gen_v8_4_7_blk_mem_output_block is either unconnected or has no load
WARNING: [Synth 8-7129] Port DOUTA_I[74] in module blk_mem_gen_v8_4_7_blk_mem_output_block is either unconnected or has no load
WARNING: [Synth 8-7129] Port DOUTA_I[73] in module blk_mem_gen_v8_4_7_blk_mem_output_block is either unconnected or has no load
WARNING: [Synth 8-7129] Port DOUTA_I[72] in module blk_mem_gen_v8_4_7_blk_mem_output_block is either unconnected or has no load
WARNING: [Synth 8-7129] Port DOUTA_I[71] in module blk_mem_gen_v8_4_7_blk_mem_output_block is either unconnected or has no load
WARNING: [Synth 8-7129] Port DOUTA_I[70] in module blk_mem_gen_v8_4_7_blk_mem_output_block is either unconnected or has no load
WARNING: [Synth 8-7129] Port DOUTA_I[69] in module blk_mem_gen_v8_4_7_blk_mem_output_block is either unconnected or has no load
INFO: [Common 17-14] Message 'Synth 8-7129' appears 100 times and further instances of the messages will be disabled. Use the Tcl command set_msg_config to change the current settings.
---------------------------------------------------------------------------------
Finished RTL Elaboration : Time (s): cpu = 00:01:05 ; elapsed = 00:01:12 . Memory (MB): peak = 2497.496 ; gain = 826.160 ; free physical = 2384 ; free virtual = 10138
---------------------------------------------------------------------------------
---------------------------------------------------------------------------------
Start Handling Custom Attributes
---------------------------------------------------------------------------------
---------------------------------------------------------------------------------
Finished Handling Custom Attributes : Time (s): cpu = 00:01:05 ; elapsed = 00:01:13 . Memory (MB): peak = 2497.496 ; gain = 826.160 ; free physical = 2390 ; free virtual = 10145
---------------------------------------------------------------------------------
---------------------------------------------------------------------------------
Finished RTL Optimization Phase 1 : Time (s): cpu = 00:01:05 ; elapsed = 00:01:13 . Memory (MB): peak = 2497.496 ; gain = 826.160 ; free physical = 2390 ; free virtual = 10145
---------------------------------------------------------------------------------
Netlist sorting complete. Time (s): cpu = 00:00:00.12 ; elapsed = 00:00:00.12 . Memory (MB): peak = 2497.496 ; gain = 0.000 ; free physical = 2393 ; free virtual = 10149
INFO: [Netlist 29-17] Analyzing 191 Unisim elements for replacement
INFO: [Netlist 29-28] Unisim Transformation completed in 0 CPU seconds
INFO: [Project 1-570] Preparing netlist for logic optimization

Processing XDC Constraints
Initializing timing engine
Parsing XDC File [/home/fluctlights/VivadoProjects/sesion_nano_rv32i/sesion_nano_rv32i.gen/sources_1/bd/design_1/ip/design_1_system_ila_0_0/design_1_system_ila_0_0_ooc.xdc] for cell 'inst'
Finished Parsing XDC File [/home/fluctlights/VivadoProjects/sesion_nano_rv32i/sesion_nano_rv32i.gen/sources_1/bd/design_1/ip/design_1_system_ila_0_0/design_1_system_ila_0_0_ooc.xdc] for cell 'inst'
Parsing XDC File [/home/fluctlights/VivadoProjects/sesion_nano_rv32i/sesion_nano_rv32i.gen/sources_1/bd/design_1/ip/design_1_system_ila_0_0/bd_0/ip/ip_0/ila_v6_2/constraints/ila.xdc] for cell 'inst/ila_lib/inst'
Finished Parsing XDC File [/home/fluctlights/VivadoProjects/sesion_nano_rv32i/sesion_nano_rv32i.gen/sources_1/bd/design_1/ip/design_1_system_ila_0_0/bd_0/ip/ip_0/ila_v6_2/constraints/ila.xdc] for cell 'inst/ila_lib/inst'
Parsing XDC File [/home/fluctlights/VivadoProjects/sesion_nano_rv32i/sesion_nano_rv32i.runs/design_1_system_ila_0_0_synth_1/dont_touch.xdc]
Finished Parsing XDC File [/home/fluctlights/VivadoProjects/sesion_nano_rv32i/sesion_nano_rv32i.runs/design_1_system_ila_0_0_synth_1/dont_touch.xdc]
INFO: [Project 1-236] Implementation specific constraints were found while reading constraint file [/home/fluctlights/VivadoProjects/sesion_nano_rv32i/sesion_nano_rv32i.runs/design_1_system_ila_0_0_synth_1/dont_touch.xdc]. These constraints will be ignored for synthesis but will be used in implementation. Impacted constraints are listed in the file [.Xil/design_1_system_ila_0_0_propImpl.xdc].
Resolution: To avoid this warning, move constraints listed in [.Xil/design_1_system_ila_0_0_propImpl.xdc] to another XDC file and exclude this new file from synthesis with the used_in_synthesis property (File Properties dialog in GUI) and re-run elaboration/synthesis.
Completed Processing XDC Constraints

Netlist sorting complete. Time (s): cpu = 00:00:00 ; elapsed = 00:00:00 . Memory (MB): peak = 2561.527 ; gain = 0.000 ; free physical = 5254 ; free virtual = 13010
INFO: [Project 1-111] Unisim Transformation Summary:
  A total of 141 instances were transformed.
  CFGLUT5 => CFGLUT5 (SRL16E, SRLC32E): 128 instances
  CFGLUT5 => SRLC32E: 13 instances

Constraint Validation Runtime : Time (s): cpu = 00:00:00.12 ; elapsed = 00:00:00.09 . Memory (MB): peak = 2561.562 ; gain = 0.000 ; free physical = 5274 ; free virtual = 13003
INFO: [Designutils 20-5008] Incremental synthesis strategy off
---------------------------------------------------------------------------------
Finished Constraint Validation : Time (s): cpu = 00:01:16 ; elapsed = 00:01:23 . Memory (MB): peak = 2561.562 ; gain = 890.227 ; free physical = 5223 ; free virtual = 13018
---------------------------------------------------------------------------------
---------------------------------------------------------------------------------
Start Loading Part and Timing Information
---------------------------------------------------------------------------------
Loading part: xc7a100tcsg324-1
---------------------------------------------------------------------------------
Finished Loading Part and Timing Information : Time (s): cpu = 00:01:16 ; elapsed = 00:01:23 . Memory (MB): peak = 2561.562 ; gain = 890.227 ; free physical = 5223 ; free virtual = 13018
---------------------------------------------------------------------------------
---------------------------------------------------------------------------------
Start Applying 'set_property' XDC Constraints
---------------------------------------------------------------------------------
Applied set_property KEEP_HIERARCHY = SOFT for inst/ila_lib/inst. (constraint file  /home/fluctlights/VivadoProjects/sesion_nano_rv32i/sesion_nano_rv32i.runs/design_1_system_ila_0_0_synth_1/dont_touch.xdc, line 14).
Applied set_property KEEP_HIERARCHY = SOFT for inst. (constraint file  auto generated constraint).
Applied set_property KEEP_HIERARCHY = SOFT for inst/ila_lib. (constraint file  auto generated constraint).
---------------------------------------------------------------------------------
Finished applying 'set_property' XDC Constraints : Time (s): cpu = 00:01:16 ; elapsed = 00:01:23 . Memory (MB): peak = 2561.562 ; gain = 890.227 ; free physical = 5224 ; free virtual = 13019
---------------------------------------------------------------------------------
INFO: [Synth 8-802] inferred FSM for state register 'current_state_reg' in module 'xsdbs_v1_0_3_reg_p2s'
INFO: [Synth 8-802] inferred FSM for state register 'current_state_reg' in module 'xsdbs_v1_0_3_reg_p2s__parameterized0'
INFO: [Synth 8-802] inferred FSM for state register 'current_state_reg' in module 'xsdbs_v1_0_3_reg_p2s__parameterized1'
INFO: [Synth 8-802] inferred FSM for state register 'current_state_reg' in module 'xsdbs_v1_0_3_reg_p2s__parameterized2'
INFO: [Synth 8-802] inferred FSM for state register 'current_state_reg' in module 'xsdbs_v1_0_3_reg_p2s__parameterized3'
INFO: [Synth 8-802] inferred FSM for state register 'current_state_reg' in module 'xsdbs_v1_0_3_reg_p2s__parameterized4'
INFO: [Synth 8-802] inferred FSM for state register 'current_state_reg' in module 'xsdbs_v1_0_3_reg_p2s__parameterized5'
INFO: [Synth 8-802] inferred FSM for state register 'current_state_reg' in module 'xsdbs_v1_0_3_reg_p2s__parameterized6'
INFO: [Synth 8-802] inferred FSM for state register 'current_state_reg' in module 'xsdbs_v1_0_3_reg_p2s__parameterized7'
INFO: [Synth 8-802] inferred FSM for state register 'current_state_reg' in module 'xsdbs_v1_0_3_reg_p2s__parameterized8'
INFO: [Synth 8-802] inferred FSM for state register 'current_state_reg' in module 'xsdbs_v1_0_3_reg_p2s__parameterized9'
INFO: [Synth 8-802] inferred FSM for state register 'current_state_reg' in module 'ltlib_v1_0_1_generic_memrd'
---------------------------------------------------------------------------------------------------
                   State |                     New Encoding |                Previous Encoding 
---------------------------------------------------------------------------------------------------
*
                    IDLE |                             0001 |                             0001
                     REG |                             0010 |                             0010
                     P2S |                             0100 |                             0100
                     S2P |                             1000 |                             1000
---------------------------------------------------------------------------------------------------
INFO: [Synth 8-3898] No Re-encoding of one hot register 'current_state_reg' in module 'xsdbs_v1_0_3_reg_p2s'
---------------------------------------------------------------------------------------------------
                   State |                     New Encoding |                Previous Encoding 
---------------------------------------------------------------------------------------------------
*
                    IDLE |                             0001 |                             0001
                     REG |                             0010 |                             0010
                     P2S |                             0100 |                             0100
                     S2P |                             1000 |                             1000
---------------------------------------------------------------------------------------------------
INFO: [Synth 8-3898] No Re-encoding of one hot register 'current_state_reg' in module 'xsdbs_v1_0_3_reg_p2s__parameterized0'
---------------------------------------------------------------------------------------------------
                   State |                     New Encoding |                Previous Encoding 
---------------------------------------------------------------------------------------------------
*
                    IDLE |                             0001 |                             0001
                     REG |                             0010 |                             0010
                     P2S |                             0100 |                             0100
                     S2P |                             1000 |                             1000
---------------------------------------------------------------------------------------------------
INFO: [Synth 8-3898] No Re-encoding of one hot register 'current_state_reg' in module 'xsdbs_v1_0_3_reg_p2s__parameterized1'
---------------------------------------------------------------------------------------------------
                   State |                     New Encoding |                Previous Encoding 
---------------------------------------------------------------------------------------------------
*
                    IDLE |                             0001 |                             0001
                     REG |                             0010 |                             0010
                     P2S |                             0100 |                             0100
                     S2P |                             1000 |                             1000
---------------------------------------------------------------------------------------------------
INFO: [Synth 8-3898] No Re-encoding of one hot register 'current_state_reg' in module 'xsdbs_v1_0_3_reg_p2s__parameterized2'
---------------------------------------------------------------------------------------------------
                   State |                     New Encoding |                Previous Encoding 
---------------------------------------------------------------------------------------------------
*
                    IDLE |                             0001 |                             0001
                     REG |                             0010 |                             0010
                     P2S |                             0100 |                             0100
                     S2P |                             1000 |                             1000
---------------------------------------------------------------------------------------------------
INFO: [Synth 8-3898] No Re-encoding of one hot register 'current_state_reg' in module 'xsdbs_v1_0_3_reg_p2s__parameterized3'
---------------------------------------------------------------------------------------------------
                   State |                     New Encoding |                Previous Encoding 
---------------------------------------------------------------------------------------------------
*
                    IDLE |                             0001 |                             0001
                     REG |                             0010 |                             0010
                     P2S |                             0100 |                             0100
                     S2P |                             1000 |                             1000
---------------------------------------------------------------------------------------------------
INFO: [Synth 8-3898] No Re-encoding of one hot register 'current_state_reg' in module 'xsdbs_v1_0_3_reg_p2s__parameterized4'
---------------------------------------------------------------------------------------------------
                   State |                     New Encoding |                Previous Encoding 
---------------------------------------------------------------------------------------------------
*
                    IDLE |                             0001 |                             0001
                     REG |                             0010 |                             0010
                     P2S |                             0100 |                             0100
                     S2P |                             1000 |                             1000
---------------------------------------------------------------------------------------------------
INFO: [Synth 8-3898] No Re-encoding of one hot register 'current_state_reg' in module 'xsdbs_v1_0_3_reg_p2s__parameterized5'
---------------------------------------------------------------------------------------------------
                   State |                     New Encoding |                Previous Encoding 
---------------------------------------------------------------------------------------------------
*
                    IDLE |                             0001 |                             0001
                     REG |                             0010 |                             0010
                     P2S |                             0100 |                             0100
                     S2P |                             1000 |                             1000
---------------------------------------------------------------------------------------------------
INFO: [Synth 8-3898] No Re-encoding of one hot register 'current_state_reg' in module 'xsdbs_v1_0_3_reg_p2s__parameterized6'
---------------------------------------------------------------------------------------------------
                   State |                     New Encoding |                Previous Encoding 
---------------------------------------------------------------------------------------------------
*
                    IDLE |                             0001 |                             0001
                     REG |                             0010 |                             0010
                     P2S |                             0100 |                             0100
                     S2P |                             1000 |                             1000
---------------------------------------------------------------------------------------------------
INFO: [Synth 8-3898] No Re-encoding of one hot register 'current_state_reg' in module 'xsdbs_v1_0_3_reg_p2s__parameterized7'
---------------------------------------------------------------------------------------------------
                   State |                     New Encoding |                Previous Encoding 
---------------------------------------------------------------------------------------------------
*
                    IDLE |                             0001 |                             0001
                     REG |                             0010 |                             0010
                     P2S |                             0100 |                             0100
                     S2P |                             1000 |                             1000
---------------------------------------------------------------------------------------------------
INFO: [Synth 8-3898] No Re-encoding of one hot register 'current_state_reg' in module 'xsdbs_v1_0_3_reg_p2s__parameterized8'
---------------------------------------------------------------------------------------------------
                   State |                     New Encoding |                Previous Encoding 
---------------------------------------------------------------------------------------------------
*
                    IDLE |                             0001 |                             0001
                     REG |                             0010 |                             0010
                     P2S |                             0100 |                             0100
                     S2P |                             1000 |                             1000
---------------------------------------------------------------------------------------------------
INFO: [Synth 8-3898] No Re-encoding of one hot register 'current_state_reg' in module 'xsdbs_v1_0_3_reg_p2s__parameterized9'
---------------------------------------------------------------------------------------------------
                   State |                     New Encoding |                Previous Encoding 
---------------------------------------------------------------------------------------------------
*
              RESET_ADDR |                          0000001 |                          0000001
            REQUEST_READ |                          0000010 |                          0000010
           WAIT_READ_ACK |                          0000100 |                          0000100
             OUTPUT_DATA |                          0001000 |                          0001000
                    IDLE |                          0010000 |                          0010000
         INCREMENT_BLOCK |                          0100000 |                          0100000
       INCREMENT_ADDRESS |                          1000000 |                          1000000
---------------------------------------------------------------------------------------------------
INFO: [Synth 8-3898] No Re-encoding of one hot register 'current_state_reg' in module 'ltlib_v1_0_1_generic_memrd'
---------------------------------------------------------------------------------
Finished RTL Optimization Phase 2 : Time (s): cpu = 00:01:18 ; elapsed = 00:01:25 . Memory (MB): peak = 2561.562 ; gain = 890.227 ; free physical = 5223 ; free virtual = 13020
---------------------------------------------------------------------------------
---------------------------------------------------------------------------------
Start RTL Component Statistics 
---------------------------------------------------------------------------------
---------------------------------------------------------------------------------
Finished RTL Component Statistics 
---------------------------------------------------------------------------------
---------------------------------------------------------------------------------
Start Part Resource Summary
---------------------------------------------------------------------------------
Part Resources:
DSPs: 240 (col length:80)
BRAMs: 270 (col length: RAMB18 80 RAMB36 40)
---------------------------------------------------------------------------------
Finished Part Resource Summary
---------------------------------------------------------------------------------
---------------------------------------------------------------------------------
Start Cross Boundary and Area Optimization
---------------------------------------------------------------------------------
WARNING: [Synth 8-7080] Parallel synthesis criteria is not met
---------------------------------------------------------------------------------
Finished Cross Boundary and Area Optimization : Time (s): cpu = 00:01:31 ; elapsed = 00:01:38 . Memory (MB): peak = 2561.562 ; gain = 890.227 ; free physical = 5293 ; free virtual = 13030
---------------------------------------------------------------------------------
---------------------------------------------------------------------------------
Start Applying XDC Timing Constraints
---------------------------------------------------------------------------------
---------------------------------------------------------------------------------
Finished Applying XDC Timing Constraints : Time (s): cpu = 00:01:37 ; elapsed = 00:01:45 . Memory (MB): peak = 2561.562 ; gain = 890.227 ; free physical = 5298 ; free virtual = 13022
---------------------------------------------------------------------------------
---------------------------------------------------------------------------------
Start Timing Optimization
---------------------------------------------------------------------------------
---------------------------------------------------------------------------------
Finished Timing Optimization : Time (s): cpu = 00:01:38 ; elapsed = 00:01:46 . Memory (MB): peak = 2561.562 ; gain = 890.227 ; free physical = 5299 ; free virtual = 13022
---------------------------------------------------------------------------------
---------------------------------------------------------------------------------
Start Technology Mapping
---------------------------------------------------------------------------------
---------------------------------------------------------------------------------
Finished Technology Mapping : Time (s): cpu = 00:01:39 ; elapsed = 00:01:47 . Memory (MB): peak = 2561.562 ; gain = 890.227 ; free physical = 5293 ; free virtual = 13017
---------------------------------------------------------------------------------
---------------------------------------------------------------------------------
Start IO Insertion
---------------------------------------------------------------------------------
---------------------------------------------------------------------------------
Start Flattening Before IO Insertion
---------------------------------------------------------------------------------
---------------------------------------------------------------------------------
Finished Flattening Before IO Insertion
---------------------------------------------------------------------------------
---------------------------------------------------------------------------------
Start Final Netlist Cleanup
---------------------------------------------------------------------------------
---------------------------------------------------------------------------------
Finished Final Netlist Cleanup
---------------------------------------------------------------------------------
INFO: [Synth 8-3295] tying undriven pin dummy_inferred:in0 to constant 0
INFO: [Synth 8-3295] tying undriven pin inst:sl_iport0[36] to constant 0
INFO: [Synth 8-3295] tying undriven pin inst:sl_iport0[35] to constant 0
INFO: [Synth 8-3295] tying undriven pin inst:sl_iport0[34] to constant 0
INFO: [Synth 8-3295] tying undriven pin inst:sl_iport0[33] to constant 0
INFO: [Synth 8-3295] tying undriven pin inst:sl_iport0[32] to constant 0
INFO: [Synth 8-3295] tying undriven pin inst:sl_iport0[31] to constant 0
INFO: [Synth 8-3295] tying undriven pin inst:sl_iport0[30] to constant 0
INFO: [Synth 8-3295] tying undriven pin inst:sl_iport0[29] to constant 0
INFO: [Synth 8-3295] tying undriven pin inst:sl_iport0[28] to constant 0
INFO: [Synth 8-3295] tying undriven pin inst:sl_iport0[27] to constant 0
INFO: [Synth 8-3295] tying undriven pin inst:sl_iport0[26] to constant 0
INFO: [Synth 8-3295] tying undriven pin inst:sl_iport0[25] to constant 0
INFO: [Synth 8-3295] tying undriven pin inst:sl_iport0[24] to constant 0
INFO: [Synth 8-3295] tying undriven pin inst:sl_iport0[23] to constant 0
INFO: [Synth 8-3295] tying undriven pin inst:sl_iport0[22] to constant 0
INFO: [Synth 8-3295] tying undriven pin inst:sl_iport0[21] to constant 0
INFO: [Synth 8-3295] tying undriven pin inst:sl_iport0[20] to constant 0
INFO: [Synth 8-3295] tying undriven pin inst:sl_iport0[19] to constant 0
INFO: [Synth 8-3295] tying undriven pin inst:sl_iport0[18] to constant 0
INFO: [Synth 8-3295] tying undriven pin inst:sl_iport0[17] to constant 0
INFO: [Synth 8-3295] tying undriven pin inst:sl_iport0[16] to constant 0
INFO: [Synth 8-3295] tying undriven pin inst:sl_iport0[15] to constant 0
INFO: [Synth 8-3295] tying undriven pin inst:sl_iport0[14] to constant 0
INFO: [Synth 8-3295] tying undriven pin inst:sl_iport0[13] to constant 0
INFO: [Synth 8-3295] tying undriven pin inst:sl_iport0[12] to constant 0
INFO: [Synth 8-3295] tying undriven pin inst:sl_iport0[11] to constant 0
INFO: [Synth 8-3295] tying undriven pin inst:sl_iport0[10] to constant 0
INFO: [Synth 8-3295] tying undriven pin inst:sl_iport0[9] to constant 0
INFO: [Synth 8-3295] tying undriven pin inst:sl_iport0[8] to constant 0
INFO: [Synth 8-3295] tying undriven pin inst:sl_iport0[7] to constant 0
INFO: [Synth 8-3295] tying undriven pin inst:sl_iport0[6] to constant 0
INFO: [Synth 8-3295] tying undriven pin inst:sl_iport0[5] to constant 0
INFO: [Synth 8-3295] tying undriven pin inst:sl_iport0[4] to constant 0
INFO: [Synth 8-3295] tying undriven pin inst:sl_iport0[3] to constant 0
INFO: [Synth 8-3295] tying undriven pin inst:sl_iport0[2] to constant 0
INFO: [Synth 8-3295] tying undriven pin inst:sl_iport0[1] to constant 0
INFO: [Synth 8-3295] tying undriven pin inst:sl_iport0[0] to constant 0
INFO: [Synth 8-3295] tying undriven pin inst:trig_in to constant 0
INFO: [Synth 8-3295] tying undriven pin inst:trig_out_ack to constant 0
---------------------------------------------------------------------------------
Finished IO Insertion : Time (s): cpu = 00:01:44 ; elapsed = 00:01:52 . Memory (MB): peak = 2561.562 ; gain = 890.227 ; free physical = 5297 ; free virtual = 13020
---------------------------------------------------------------------------------
---------------------------------------------------------------------------------
Start Renaming Generated Instances
---------------------------------------------------------------------------------
---------------------------------------------------------------------------------
Finished Renaming Generated Instances : Time (s): cpu = 00:01:44 ; elapsed = 00:01:52 . Memory (MB): peak = 2561.562 ; gain = 890.227 ; free physical = 5297 ; free virtual = 13020
---------------------------------------------------------------------------------
---------------------------------------------------------------------------------
Start Rebuilding User Hierarchy
---------------------------------------------------------------------------------
---------------------------------------------------------------------------------
Finished Rebuilding User Hierarchy : Time (s): cpu = 00:01:44 ; elapsed = 00:01:52 . Memory (MB): peak = 2561.562 ; gain = 890.227 ; free physical = 5297 ; free virtual = 13020
---------------------------------------------------------------------------------
---------------------------------------------------------------------------------
Start Renaming Generated Ports
---------------------------------------------------------------------------------
---------------------------------------------------------------------------------
Finished Renaming Generated Ports : Time (s): cpu = 00:01:44 ; elapsed = 00:01:52 . Memory (MB): peak = 2561.562 ; gain = 890.227 ; free physical = 5297 ; free virtual = 13020
---------------------------------------------------------------------------------
---------------------------------------------------------------------------------
Start Handling Custom Attributes
---------------------------------------------------------------------------------
---------------------------------------------------------------------------------
Finished Handling Custom Attributes : Time (s): cpu = 00:01:44 ; elapsed = 00:01:52 . Memory (MB): peak = 2561.562 ; gain = 890.227 ; free physical = 5297 ; free virtual = 13020
---------------------------------------------------------------------------------
---------------------------------------------------------------------------------
Start Renaming Generated Nets
---------------------------------------------------------------------------------
---------------------------------------------------------------------------------
Finished Renaming Generated Nets : Time (s): cpu = 00:01:44 ; elapsed = 00:01:52 . Memory (MB): peak = 2561.562 ; gain = 890.227 ; free physical = 5297 ; free virtual = 13020
---------------------------------------------------------------------------------
---------------------------------------------------------------------------------
Start Writing Synthesis Report
---------------------------------------------------------------------------------

Report BlackBoxes: 
+-+--------------+----------+
| |BlackBox name |Instances |
+-+--------------+----------+
+-+--------------+----------+

Report Cell Usage: 
+------+---------+------+
|      |Cell     |Count |
+------+---------+------+
|1     |CARRY4   |    45|
|2     |CFGLUT5  |   141|
|3     |LUT1     |    38|
|4     |LUT2     |   199|
|5     |LUT3     |   121|
|6     |LUT4     |   145|
|7     |LUT5     |   114|
|8     |LUT6     |   594|
|9     |MUXF7    |     4|
|10    |RAMB36E1 |     5|
|11    |SRL16E   |   171|
|12    |SRLC16E  |     2|
|13    |SRLC32E  |    17|
|14    |FDRE     |  2106|
|15    |FDSE     |    10|
+------+---------+------+
---------------------------------------------------------------------------------
Finished Writing Synthesis Report : Time (s): cpu = 00:01:44 ; elapsed = 00:01:52 . Memory (MB): peak = 2561.562 ; gain = 890.227 ; free physical = 5297 ; free virtual = 13020
---------------------------------------------------------------------------------
Synthesis finished with 0 errors, 0 critical warnings and 3233 warnings.
Synthesis Optimization Runtime : Time (s): cpu = 00:01:39 ; elapsed = 00:01:47 . Memory (MB): peak = 2561.562 ; gain = 826.160 ; free physical = 5297 ; free virtual = 13020
Synthesis Optimization Complete : Time (s): cpu = 00:01:44 ; elapsed = 00:01:52 . Memory (MB): peak = 2561.562 ; gain = 890.227 ; free physical = 5297 ; free virtual = 13020
INFO: [Project 1-571] Translating synthesized netlist
Netlist sorting complete. Time (s): cpu = 00:00:00.05 ; elapsed = 00:00:00.05 . Memory (MB): peak = 2561.562 ; gain = 0.000 ; free physical = 5581 ; free virtual = 13305
INFO: [Netlist 29-17] Analyzing 195 Unisim elements for replacement
INFO: [Netlist 29-28] Unisim Transformation completed in 0 CPU seconds
INFO: [Project 1-570] Preparing netlist for logic optimization
INFO: [Opt 31-138] Pushed 0 inverter(s) to 0 load pin(s).
Netlist sorting complete. Time (s): cpu = 00:00:00 ; elapsed = 00:00:00 . Memory (MB): peak = 2561.562 ; gain = 0.000 ; free physical = 5580 ; free virtual = 13305
INFO: [Project 1-111] Unisim Transformation Summary:
  A total of 141 instances were transformed.
  CFGLUT5 => CFGLUT5 (SRL16E, SRLC32E): 128 instances
  CFGLUT5 => SRLC32E: 13 instances

Synth Design complete | Checksum: a1ded4f8
INFO: [Common 17-83] Releasing license: Synthesis
204 Infos, 111 Warnings, 0 Critical Warnings and 0 Errors encountered.
synth_design completed successfully
synth_design: Time (s): cpu = 00:02:01 ; elapsed = 00:02:03 . Memory (MB): peak = 2561.562 ; gain = 1237.141 ; free physical = 5580 ; free virtual = 13305
INFO: [Common 17-2834] synth_design peak Physical Memory [PSS] (MB): overall = 2047.983; main = 1723.927; forked = 340.615
INFO: [Common 17-2834] synth_design peak Virtual Memory [VSS] (MB): overall = 3526.414; main = 2561.531; forked = 996.898
Write ShapeDB Complete: Time (s): cpu = 00:00:00.02 ; elapsed = 00:00:00.01 . Memory (MB): peak = 2585.539 ; gain = 0.000 ; free physical = 5580 ; free virtual = 13306
INFO: [Common 17-1381] The checkpoint '/home/fluctlights/VivadoProjects/sesion_nano_rv32i/sesion_nano_rv32i.runs/design_1_system_ila_0_0_synth_1/design_1_system_ila_0_0.dcp' has been generated.
INFO: [Coretcl 2-1648] Added synthesis output to IP cache for IP design_1_system_ila_0_0, cache-ID = 3761dd81967956f8
INFO: [Coretcl 2-1174] Renamed 169 cell refs.
Write ShapeDB Complete: Time (s): cpu = 00:00:00.02 ; elapsed = 00:00:00.01 . Memory (MB): peak = 2585.539 ; gain = 0.000 ; free physical = 5552 ; free virtual = 13287
INFO: [Common 17-1381] The checkpoint '/home/fluctlights/VivadoProjects/sesion_nano_rv32i/sesion_nano_rv32i.runs/design_1_system_ila_0_0_synth_1/design_1_system_ila_0_0.dcp' has been generated.
INFO: [runtcl-4] Executing : report_utilization -file design_1_system_ila_0_0_utilization_synth.rpt -pb design_1_system_ila_0_0_utilization_synth.pb
INFO: [Common 17-206] Exiting Vivado at Fri Dec  6 15:51:58 2024...
